mode: atomic
github.com/tsuru/tsuru-client/internal/parser/parser.go:17.83,19.16 2 14
github.com/tsuru/tsuru-client/internal/parser/parser.go:19.16,21.3 1 10
github.com/tsuru/tsuru-client/internal/parser/parser.go:22.2,23.24 2 4
github.com/tsuru/tsuru-client/internal/parser/parser.go:23.24,25.3 1 3
github.com/tsuru/tsuru-client/internal/parser/parser.go:26.2,26.44 1 1
github.com/tsuru/tsuru-client/internal/parser/parser.go:31.44,33.2 1 9
github.com/tsuru/tsuru-client/internal/parser/parser.go:37.41,39.2 1 9
